https://fbcdn-photos-a.akamaihd.net/hphotos-ak-ash4/483811_10150274189294943_695485663_s.jpg :: imageCache/7cf564ef31145324595b23844a5ef03c.jpg
https://fbcdn-photos-a-a.akamaihd.net/hphotos-ak-ash4/483961_10151586859172803_1122528528_s.jpg :: imageCache/8b8751f7cbb34f353e26180d85ad8955.jpg
https://fbcdn-photos-a.akamaihd.net/hphotos-ak-snc7/488364_10150274041889943_1493303652_s.jpg :: imageCache/d2c18dd2b247d592c2fb235fc74db8b6.jpg
https://fbcdn-photos-g-a.akamaihd.net/hphotos-ak-ash3/541353_10150274041869943_2041187972_s.jpg :: imageCache/3f7fb6b84b21d71badeb457a9696e0d6.jpg
https://fbcdn-photos-a.akamaihd.net/hphotos-ak-ash3/39292_10150274041884943_801658507_s.jpg :: imageCache/58c22da1f411ebd1ecbf6dd4033ba4b7.jpg
https://fbcdn-photos-e-a.akamaihd.net/hphotos-ak-ash4/482863_10150273938359943_1677065019_s.jpg :: imageCache/6cd9eecaf0b83fb7d4f9e816762c3365.jpg
https://fbcdn-photos-h-a.akamaihd.net/hphotos-ak-prn1/24623_10150273857669943_1177622044_s.jpg :: imageCache/5ea87591da5ccdddadaa447642ab7dc1.jpg
https://fbcdn-photos-a-a.akamaihd.net/hphotos-ak-ash4/483269_10150273660789943_11045003_s.jpg :: imageCache/b7620d2eff69a720b45ac613cbe01509.jpg
https://fbcdn-photos-a.akamaihd.net/hphotos-ak-ash4/483811_10150274189294943_695485663_b.jpg :: imageCache/6c20702a4e470131ac0bf856e71e74e5.jpg
https://fbcdn-photos-a.akamaihd.net/hphotos-ak-snc7/488364_10150274041889943_1493303652_b.jpg :: imageCache/0bb1ceca4ec457a6661e346ce0c5bb66.jpg
https://fbcdn-photos-g-a.akamaihd.net/hphotos-ak-ash3/541353_10150274041869943_2041187972_b.jpg :: imageCache/333e5a8f7e37dd76fa37301f0d7b3a21.jpg
https://fbcdn-photos-a.akamaihd.net/hphotos-ak-ash3/39292_10150274041884943_801658507_b.jpg :: imageCache/59bf24e1994a3ad1002867d26d47e0e2.jpg
https://fbcdn-photos-e-a.akamaihd.net/hphotos-ak-ash4/482863_10150273938359943_1677065019_b.jpg :: imageCache/fba96bed931a163cc99918c2c130780c.jpg
https://fbcdn-photos-h-a.akamaihd.net/hphotos-ak-prn1/24623_10150273857669943_1177622044_b.jpg :: imageCache/abd022278316e58f05ebb209e2b44874.jpg
https://fbcdn-photos-a-a.akamaihd.net/hphotos-ak-ash4/483269_10150273660789943_11045003_b.jpg :: imageCache/2c9fffb81830c6bbfe800cf30c485e9a.jpg
https://fbcdn-photos-b-a.akamaihd.net/hphotos-ak-snc6/181019_4761113550376_126793191_b.jpg :: imageCache/64296550766ac4abcfebe57d1b6023a2.jpg
https://fbcdn-photos-a.akamaihd.net/hphotos-ak-ash3/62293_10151322394951957_1771133308_b.jpg :: imageCache/3a2ddbc272ad98a75790fad3c3486be2.jpg
https://fbcdn-photos-a.akamaihd.net/hphotos-ak-prn1/71987_219648478159744_542911376_b.jpg :: imageCache/4aead43e5d97bd7123e55f372c665e41.jpg
https://fbcdn-photos-a.akamaihd.net/hphotos-ak-ash3/599445_10151321377891957_1918546546_b.jpg :: imageCache/11c7db27396d831766c3f833bbe4bb26.jpg
https://fbcdn-photos-a.akamaihd.net/hphotos-ak-snc6/8186_10151518196109165_918102336_b.jpg :: imageCache/a5468a07451dba20e3f19130692b7e3f.jpg
https://fbcdn-photos-a.akamaihd.net/hphotos-ak-ash4/486297_10152349830902925_106137824_b.jpg :: imageCache/6be0b6f7a2fe052e6c24c1ca23ad98c3.jpg
https://fbcdn-photos-a.akamaihd.net/hphotos-ak-ash4/389852_10151075546984200_785274886_b.jpg :: imageCache/cf8d974776b65c4b2fc8625bf5563cc0.jpg
https://fbcdn-photos-a.akamaihd.net/hphotos-ak-ash4/301690_587617601249464_1720345143_b.jpg :: imageCache/7bfd382c6cd05b3b1d926acbf84d7878.jpg
https://fbcdn-photos-a.akamaihd.net/hphotos-ak-snc7/481241_218525328272059_376322786_b.jpg :: imageCache/fe2e3702a243f102768305871595986f.jpg
https://fbcdn-photos-a.akamaihd.net/hphotos-ak-snc7/600291_537649349613586_1959154103_b.jpg :: imageCache/08f2ae1a8391e50cda3e0ca17ae85e2d.jpg
https://fbcdn-photos-b-a.akamaihd.net/hphotos-ak-snc6/181019_4761113550376_126793191_b.jpg :: imageCache/64296550766ac4abcfebe57d1b6023a2_resized.jpg
https://fbcdn-photos-a.akamaihd.net/hphotos-ak-ash3/62293_10151322394951957_1771133308_b.jpg :: imageCache/3a2ddbc272ad98a75790fad3c3486be2_resized.jpg
https://fbcdn-photos-a.akamaihd.net/hphotos-ak-prn1/71987_219648478159744_542911376_b.jpg :: imageCache/4aead43e5d97bd7123e55f372c665e41_resized.jpg
https://fbcdn-photos-a.akamaihd.net/hphotos-ak-ash3/599445_10151321377891957_1918546546_b.jpg :: imageCache/11c7db27396d831766c3f833bbe4bb26_resized.jpg
https://fbcdn-photos-a.akamaihd.net/hphotos-ak-snc6/8186_10151518196109165_918102336_b.jpg :: imageCache/a5468a07451dba20e3f19130692b7e3f_resized.jpg
https://fbcdn-photos-a.akamaihd.net/hphotos-ak-ash4/486297_10152349830902925_106137824_b.jpg :: imageCache/6be0b6f7a2fe052e6c24c1ca23ad98c3_resized.jpg
https://fbcdn-photos-a.akamaihd.net/hphotos-ak-ash4/389852_10151075546984200_785274886_b.jpg :: imageCache/cf8d974776b65c4b2fc8625bf5563cc0_resized.jpg
https://fbcdn-photos-a.akamaihd.net/hphotos-ak-ash4/301690_587617601249464_1720345143_b.jpg :: imageCache/7bfd382c6cd05b3b1d926acbf84d7878_resized.jpg
https://fbcdn-photos-a.akamaihd.net/hphotos-ak-snc7/481241_218525328272059_376322786_b.jpg :: imageCache/fe2e3702a243f102768305871595986f_resized.jpg
https://fbcdn-photos-a.akamaihd.net/hphotos-ak-snc7/600291_537649349613586_1959154103_b.jpg :: imageCache/08f2ae1a8391e50cda3e0ca17ae85e2d_resized.jpg
https://fbcdn-photos-b-a.akamaihd.net/hphotos-ak-snc6/181019_4761113550376_126793191_b.jpg :: imageCache/64296550766ac4abcfebe57d1b6023a2_resized.jpg
https://fbcdn-photos-a.akamaihd.net/hphotos-ak-ash3/62293_10151322394951957_1771133308_b.jpg :: imageCache/3a2ddbc272ad98a75790fad3c3486be2_resized.jpg
https://fbcdn-photos-a.akamaihd.net/hphotos-ak-prn1/71987_219648478159744_542911376_b.jpg :: imageCache/4aead43e5d97bd7123e55f372c665e41_resized.jpg
https://fbcdn-photos-a.akamaihd.net/hphotos-ak-ash3/599445_10151321377891957_1918546546_b.jpg :: imageCache/11c7db27396d831766c3f833bbe4bb26_resized.jpg
https://fbcdn-photos-a.akamaihd.net/hphotos-ak-snc6/8186_10151518196109165_918102336_b.jpg :: imageCache/a5468a07451dba20e3f19130692b7e3f_resized.jpg
https://fbcdn-photos-a.akamaihd.net/hphotos-ak-ash4/486297_10152349830902925_106137824_b.jpg :: imageCache/6be0b6f7a2fe052e6c24c1ca23ad98c3_resized.jpg
https://fbcdn-photos-a.akamaihd.net/hphotos-ak-ash4/389852_10151075546984200_785274886_b.jpg :: imageCache/cf8d974776b65c4b2fc8625bf5563cc0_resized.jpg
https://fbcdn-photos-a.akamaihd.net/hphotos-ak-ash4/301690_587617601249464_1720345143_b.jpg :: imageCache/7bfd382c6cd05b3b1d926acbf84d7878_resized.jpg
https://fbcdn-photos-a.akamaihd.net/hphotos-ak-snc7/481241_218525328272059_376322786_b.jpg :: imageCache/fe2e3702a243f102768305871595986f_resized.jpg
https://fbcdn-photos-a.akamaihd.net/hphotos-ak-snc7/600291_537649349613586_1959154103_b.jpg :: imageCache/08f2ae1a8391e50cda3e0ca17ae85e2d_resized.jpg
https://fbcdn-photos-b-a.akamaihd.net/hphotos-ak-snc6/181019_4761113550376_126793191_b.jpg :: imageCache/64296550766ac4abcfebe57d1b6023a2_resized.jpg
https://fbcdn-photos-a.akamaihd.net/hphotos-ak-ash3/62293_10151322394951957_1771133308_b.jpg :: imageCache/3a2ddbc272ad98a75790fad3c3486be2_resized.jpg
https://fbcdn-photos-a.akamaihd.net/hphotos-ak-prn1/71987_219648478159744_542911376_b.jpg :: imageCache/4aead43e5d97bd7123e55f372c665e41_resized.jpg
https://fbcdn-photos-a.akamaihd.net/hphotos-ak-ash3/599445_10151321377891957_1918546546_b.jpg :: imageCache/11c7db27396d831766c3f833bbe4bb26_resized.jpg
https://fbcdn-photos-a.akamaihd.net/hphotos-ak-snc6/8186_10151518196109165_918102336_b.jpg :: imageCache/a5468a07451dba20e3f19130692b7e3f_resized.jpg
https://fbcdn-photos-a.akamaihd.net/hphotos-ak-ash4/486297_10152349830902925_106137824_b.jpg :: imageCache/6be0b6f7a2fe052e6c24c1ca23ad98c3_resized.jpg
https://fbcdn-photos-a.akamaihd.net/hphotos-ak-ash4/389852_10151075546984200_785274886_b.jpg :: imageCache/cf8d974776b65c4b2fc8625bf5563cc0_resized.jpg
https://fbcdn-photos-a.akamaihd.net/hphotos-ak-ash4/301690_587617601249464_1720345143_b.jpg :: imageCache/7bfd382c6cd05b3b1d926acbf84d7878_resized.jpg
https://fbcdn-photos-a.akamaihd.net/hphotos-ak-snc7/481241_218525328272059_376322786_b.jpg :: imageCache/fe2e3702a243f102768305871595986f_resized.jpg
https://fbcdn-photos-a.akamaihd.net/hphotos-ak-snc7/600291_537649349613586_1959154103_b.jpg :: imageCache/08f2ae1a8391e50cda3e0ca17ae85e2d_resized.jpg
https://fbcdn-photos-a.akamaihd.net/hphotos-ak-ash3/62293_10151322394951957_1771133308_b.jpg :: imageCache/3a2ddbc272ad98a75790fad3c3486be2_resized.jpg
https://photos-a.xx.fbcdn.net/hphotos-ash4/1679_10200979903160224_707918634_b.jpg :: imageCache/ea8cc83dbdda8358d884745b878561b2.jpg
https://fbcdn-photos-g-a.akamaihd.net/hphotos-ak-prn1/39304_10151515315701904_2005892499_b.jpg :: imageCache/036bc689e233eb9fede2805db3b1aabf.jpg
https://fbcdn-photos-e-a.akamaihd.net/hphotos-ak-ash3/554528_4482824671935_960905337_b.jpg :: imageCache/135c698fb8a71ff38ba2ad0ce99addce.jpg
https://fbcdn-photos-a-a.akamaihd.net/hphotos-ak-ash4/483895_137550559758077_528515815_b.jpg :: imageCache/1334b29e320fa5ec0bc3adea234878c1.jpg
https://fbcdn-photos-g-a.akamaihd.net/hphotos-ak-ash3/644592_10152687862490436_176146849_b.jpg :: imageCache/e8e96bd48703fc6271269fc247fa59ea.jpg
https://fbcdn-photos-f-a.akamaihd.net/hphotos-ak-ash3/8037_10152679219680284_414412342_b.jpg :: imageCache/217feafbcdd9aa7aef45099b0c90f6b8.jpg
https://fbcdn-photos-f-a.akamaihd.net/hphotos-ak-prn1/60617_10151329438736957_1436743746_s.jpg :: imageCache/209dbb32b5423207e6af12df3dd33c5e.jpg
https://fbcdn-photos-h-a.akamaihd.net/hphotos-ak-ash3/9707_10151328643506957_81452288_s.jpg :: imageCache/a7017d56b9dc4ad761a32bb6789dd768.jpg
https://fbcdn-photos-a.akamaihd.net/hphotos-ak-ash3/538663_443963815688647_1560823760_s.jpg :: imageCache/2d7cd9982cd8f451f17a19b417c6202d.jpg
https://fbcdn-photos-a.akamaihd.net/hphotos-ak-ash3/734539_4804827201947_744833644_s.jpg :: imageCache/6bdf39b8dc8b2f2609d507de5c7d9420.jpg
https://fbcdn-photos-f-a.akamaihd.net/hphotos-ak-prn1/60617_10151329438736957_1436743746_s.jpg :: imageCache/209dbb32b5423207e6af12df3dd33c5e_resized_300x300.jpg
https://fbcdn-photos-h-a.akamaihd.net/hphotos-ak-ash3/9707_10151328643506957_81452288_s.jpg :: imageCache/a7017d56b9dc4ad761a32bb6789dd768_resized_300x300.jpg
https://fbcdn-photos-a.akamaihd.net/hphotos-ak-ash3/538663_443963815688647_1560823760_s.jpg :: imageCache/2d7cd9982cd8f451f17a19b417c6202d_resized_300x300.jpg
https://fbcdn-photos-a.akamaihd.net/hphotos-ak-ash3/734539_4804827201947_744833644_s.jpg :: imageCache/6bdf39b8dc8b2f2609d507de5c7d9420_resized_300x300.jpg
https://fbcdn-photos-f-a.akamaihd.net/hphotos-ak-prn1/60617_10151329438736957_1436743746_s.jpg :: imageCache/209dbb32b5423207e6af12df3dd33c5e_resized_300x300.jpg
https://fbcdn-photos-h-a.akamaihd.net/hphotos-ak-ash3/9707_10151328643506957_81452288_s.jpg :: imageCache/a7017d56b9dc4ad761a32bb6789dd768_resized_300x300.jpg
https://fbcdn-photos-a.akamaihd.net/hphotos-ak-ash3/538663_443963815688647_1560823760_s.jpg :: imageCache/2d7cd9982cd8f451f17a19b417c6202d_resized_300x300.jpg
https://fbcdn-photos-a.akamaihd.net/hphotos-ak-ash3/734539_4804827201947_744833644_s.jpg :: imageCache/6bdf39b8dc8b2f2609d507de5c7d9420_resized_300x300.jpg
https://fbcdn-photos-f-a.akamaihd.net/hphotos-ak-prn1/60617_10151329438736957_1436743746_s.jpg :: imageCache/209dbb32b5423207e6af12df3dd33c5e_resized_300x300_.jpg
https://fbcdn-photos-h-a.akamaihd.net/hphotos-ak-ash3/9707_10151328643506957_81452288_s.jpg :: imageCache/a7017d56b9dc4ad761a32bb6789dd768_resized_300x300_.jpg
https://fbcdn-photos-a.akamaihd.net/hphotos-ak-ash3/538663_443963815688647_1560823760_s.jpg :: imageCache/2d7cd9982cd8f451f17a19b417c6202d_resized_300x300_.jpg
https://fbcdn-photos-a.akamaihd.net/hphotos-ak-ash3/734539_4804827201947_744833644_s.jpg :: imageCache/6bdf39b8dc8b2f2609d507de5c7d9420_resized_300x300_.jpg
https://fbcdn-photos-f-a.akamaihd.net/hphotos-ak-prn1/60617_10151329438736957_1436743746_s.jpg :: imageCache/209dbb32b5423207e6af12df3dd33c5e_resized_300x300_LANDSCAPE.jpg
https://fbcdn-photos-h-a.akamaihd.net/hphotos-ak-ash3/9707_10151328643506957_81452288_s.jpg :: imageCache/a7017d56b9dc4ad761a32bb6789dd768_resized_300x300_LANDSCAPE.jpg
https://fbcdn-photos-a.akamaihd.net/hphotos-ak-ash3/538663_443963815688647_1560823760_s.jpg :: imageCache/2d7cd9982cd8f451f17a19b417c6202d_resized_300x300_LANDSCAPE.jpg
https://fbcdn-photos-a.akamaihd.net/hphotos-ak-ash3/734539_4804827201947_744833644_s.jpg :: imageCache/6bdf39b8dc8b2f2609d507de5c7d9420_resized_300x300_LANDSCAPE.jpg
https://fbcdn-photos-f-a.akamaihd.net/hphotos-ak-prn1/60617_10151329438736957_1436743746_s.jpg :: imageCache/209dbb32b5423207e6af12df3dd33c5e_resized_300x300_LANDSCAPE.jpg
https://fbcdn-photos-h-a.akamaihd.net/hphotos-ak-ash3/9707_10151328643506957_81452288_s.jpg :: imageCache/a7017d56b9dc4ad761a32bb6789dd768_resized_300x300_LANDSCAPE.jpg
https://fbcdn-photos-a.akamaihd.net/hphotos-ak-ash3/538663_443963815688647_1560823760_s.jpg :: imageCache/2d7cd9982cd8f451f17a19b417c6202d_resized_300x300_LANDSCAPE.jpg
https://fbcdn-photos-a.akamaihd.net/hphotos-ak-ash3/734539_4804827201947_744833644_s.jpg :: imageCache/6bdf39b8dc8b2f2609d507de5c7d9420_resized_300x300_LANDSCAPE.jpg
https://fbcdn-photos-a.akamaihd.net/hphotos-ak-prn1/28180_10151328112476957_1990124871_s.jpg :: imageCache/5b1d0835d7cb51d71f9380f0fd39e82f_resized_300x300_LANDSCAPE.jpg
https://fbcdn-photos-b-a.akamaihd.net/hphotos-ak-snc6/181019_4761113550376_126793191_s.jpg :: imageCache/947a2d493eed02dc054a28dfb3519cde_resized_300x300_PORTRAIT.jpg
https://fbcdn-photos-a.akamaihd.net/hphotos-ak-ash3/62293_10151322394951957_1771133308_s.jpg :: imageCache/a2a3dd4aa1d7adc79a9d5b95da350941_resized_300x300_LANDSCAPE.jpg
https://fbcdn-photos-a.akamaihd.net/hphotos-ak-prn1/71987_219648478159744_542911376_s.jpg :: imageCache/c85378e4dbb1fa61df984584a8a5a00b_resized_300x300_LANDSCAPE.jpg
https://fbcdn-photos-h-a.akamaihd.net/hphotos-ak-ash3/599445_10151321377891957_1918546546_s.jpg :: imageCache/a193361d767271d9429c04ed1a34afb8_resized_300x300_PORTRAIT.jpg
https://fbcdn-photos-h-a.akamaihd.net/hphotos-ak-snc6/8186_10151518196109165_918102336_s.jpg :: imageCache/f9a5d8bb9a568a6148a84c412d172c91_resized_300x300_LANDSCAPE.jpg
https://fbcdn-photos-f-a.akamaihd.net/hphotos-ak-ash4/486297_10152349830902925_106137824_s.jpg :: imageCache/6835c5c19829f5219994c19375131d9d_resized_300x300_LANDSCAPE.jpg
https://fbcdn-photos-e-a.akamaihd.net/hphotos-ak-ash4/389852_10151075546984200_785274886_s.jpg :: imageCache/73bd2821e6397f8b834c9a5a8ff1f621_resized_300x300_LANDSCAPE.jpg
https://fbcdn-photos-b-a.akamaihd.net/hphotos-ak-snc6/181019_4761113550376_126793191_s.jpg :: imageCache/947a2d493eed02dc054a28dfb3519cde_resized_300x300_PORTRAIT.jpg
https://fbcdn-photos-h-a.akamaihd.net/hphotos-ak-ash3/599445_10151321377891957_1918546546_s.jpg :: imageCache/a193361d767271d9429c04ed1a34afb8_resized_300x300_PORTRAIT.jpg
https://fbcdn-photos-b-a.akamaihd.net/hphotos-ak-snc6/181019_4761113550376_126793191_b.jpg :: imageCache/64296550766ac4abcfebe57d1b6023a2_resized_300x300_PORTRAIT.jpg
https://fbcdn-photos-h-a.akamaihd.net/hphotos-ak-ash3/599445_10151321377891957_1918546546_b.jpg :: imageCache/6b74d631c89a8e21f484f0d7a19a69ac_resized_300x300_PORTRAIT.jpg
https://fbcdn-photos-b-a.akamaihd.net/hphotos-ak-snc6/181019_4761113550376_126793191_b.jpg :: imageCache/64296550766ac4abcfebe57d1b6023a2_resized_300x300_PORTRAIT.jpg
https://fbcdn-photos-h-a.akamaihd.net/hphotos-ak-ash3/599445_10151321377891957_1918546546_b.jpg :: imageCache/6b74d631c89a8e21f484f0d7a19a69ac_resized_300x300_PORTRAIT.jpg
https://fbcdn-photos-f-a.akamaihd.net/hphotos-ak-prn1/60617_10151329438736957_1436743746_b.jpg :: imageCache/e764850ee83862229077fad83ab3cc19_resized_300x300_LANDSCAPE.jpg
https://fbcdn-photos-h-a.akamaihd.net/hphotos-ak-ash3/9707_10151328643506957_81452288_b.jpg :: imageCache/2f3eb7deffa8116e13a8a88c72316b69_resized_300x300_LANDSCAPE.jpg
https://fbcdn-photos-a.akamaihd.net/hphotos-ak-ash3/538663_443963815688647_1560823760_b.jpg :: imageCache/8786342c1d2b8719a56c26a764d61f0a_resized_300x300_LANDSCAPE.jpg
https://fbcdn-photos-a.akamaihd.net/hphotos-ak-ash3/734539_4804827201947_744833644_b.jpg :: imageCache/dd135b27202c694698e7781ed74714fe_resized_300x300_LANDSCAPE.jpg
https://fbcdn-photos-a.akamaihd.net/hphotos-ak-prn1/28180_10151328112476957_1990124871_b.jpg :: imageCache/49d488d1c280c62172cb3a05013ec606_resized_300x300_LANDSCAPE.jpg
https://fbcdn-photos-a.akamaihd.net/hphotos-ak-ash3/62293_10151322394951957_1771133308_b.jpg :: imageCache/3a2ddbc272ad98a75790fad3c3486be2_resized_300x300_LANDSCAPE.jpg
https://fbcdn-photos-a.akamaihd.net/hphotos-ak-prn1/71987_219648478159744_542911376_b.jpg :: imageCache/4aead43e5d97bd7123e55f372c665e41_resized_300x300_LANDSCAPE.jpg
https://fbcdn-photos-h-a.akamaihd.net/hphotos-ak-snc6/8186_10151518196109165_918102336_b.jpg :: imageCache/3650dfea70d535522976f56b2159ae5d_resized_300x300_LANDSCAPE.jpg
https://fbcdn-photos-f-a.akamaihd.net/hphotos-ak-ash4/486297_10152349830902925_106137824_b.jpg :: imageCache/c6d95b33ec1f3c392945a63a2b03b39f_resized_300x300_LANDSCAPE.jpg
https://fbcdn-photos-e-a.akamaihd.net/hphotos-ak-ash4/389852_10151075546984200_785274886_b.jpg :: imageCache/3f09f4beaf5808ea38faecc23fc33311_resized_300x300_LANDSCAPE.jpg
https://fbcdn-photos-f-a.akamaihd.net/hphotos-ak-prn1/60617_10151329438736957_1436743746_b.jpg :: imageCache/e764850ee83862229077fad83ab3cc19_resized_300x226.15384615385_LANDSCAPE.jpg
https://fbcdn-photos-h-a.akamaihd.net/hphotos-ak-ash3/9707_10151328643506957_81452288_b.jpg :: imageCache/2f3eb7deffa8116e13a8a88c72316b69_resized_300x191.53846153846_LANDSCAPE.jpg
https://fbcdn-photos-a.akamaihd.net/hphotos-ak-ash3/538663_443963815688647_1560823760_b.jpg :: imageCache/8786342c1d2b8719a56c26a764d61f0a_resized_300x198.46153846154_LANDSCAPE.jpg
https://fbcdn-photos-a.akamaihd.net/hphotos-ak-ash3/734539_4804827201947_744833644_b.jpg :: imageCache/dd135b27202c694698e7781ed74714fe_resized_300x198.46153846154_LANDSCAPE.jpg
https://fbcdn-photos-a.akamaihd.net/hphotos-ak-prn1/28180_10151328112476957_1990124871_b.jpg :: imageCache/49d488d1c280c62172cb3a05013ec606_resized_300x221.53846153846_LANDSCAPE.jpg
https://fbcdn-photos-b-a.akamaihd.net/hphotos-ak-snc6/181019_4761113550376_126793191_b.jpg :: imageCache/64296550766ac4abcfebe57d1b6023a2_resized_198.46153846154x300_PORTRAIT.jpg
https://fbcdn-photos-a.akamaihd.net/hphotos-ak-ash3/62293_10151322394951957_1771133308_b.jpg :: imageCache/3a2ddbc272ad98a75790fad3c3486be2_resized_300x223.84615384615_LANDSCAPE.jpg
https://fbcdn-photos-a.akamaihd.net/hphotos-ak-prn1/71987_219648478159744_542911376_b.jpg :: imageCache/4aead43e5d97bd7123e55f372c665e41_resized_300x198.46153846154_LANDSCAPE.jpg
https://fbcdn-photos-h-a.akamaihd.net/hphotos-ak-ash3/599445_10151321377891957_1918546546_b.jpg :: imageCache/6b74d631c89a8e21f484f0d7a19a69ac_resized_223.84615384615x300_PORTRAIT.jpg
https://fbcdn-photos-h-a.akamaihd.net/hphotos-ak-snc6/8186_10151518196109165_918102336_b.jpg :: imageCache/3650dfea70d535522976f56b2159ae5d_resized_300x196.15384615385_LANDSCAPE.jpg
https://fbcdn-photos-f-a.akamaihd.net/hphotos-ak-ash4/486297_10152349830902925_106137824_b.jpg :: imageCache/c6d95b33ec1f3c392945a63a2b03b39f_resized_300x196.15384615385_LANDSCAPE.jpg
https://fbcdn-photos-e-a.akamaihd.net/hphotos-ak-ash4/389852_10151075546984200_785274886_b.jpg :: imageCache/3f09f4beaf5808ea38faecc23fc33311_resized_300x200.76923076923_LANDSCAPE.jpg
https://fbcdn-photos-f-a.akamaihd.net/hphotos-ak-prn1/60617_10151329438736957_1436743746_b.jpg :: imageCache/e764850ee83862229077fad83ab3cc19_resized_300x226_LANDSCAPE.jpg
https://fbcdn-photos-h-a.akamaihd.net/hphotos-ak-ash3/9707_10151328643506957_81452288_b.jpg :: imageCache/2f3eb7deffa8116e13a8a88c72316b69_resized_300x192_LANDSCAPE.jpg
https://fbcdn-photos-a.akamaihd.net/hphotos-ak-ash3/538663_443963815688647_1560823760_b.jpg :: imageCache/8786342c1d2b8719a56c26a764d61f0a_resized_300x198_LANDSCAPE.jpg
https://fbcdn-photos-a.akamaihd.net/hphotos-ak-ash3/734539_4804827201947_744833644_b.jpg :: imageCache/dd135b27202c694698e7781ed74714fe_resized_300x198_LANDSCAPE.jpg
https://fbcdn-photos-a.akamaihd.net/hphotos-ak-prn1/28180_10151328112476957_1990124871_b.jpg :: imageCache/49d488d1c280c62172cb3a05013ec606_resized_300x222_LANDSCAPE.jpg
https://fbcdn-photos-b-a.akamaihd.net/hphotos-ak-snc6/181019_4761113550376_126793191_b.jpg :: imageCache/64296550766ac4abcfebe57d1b6023a2_resized_198x300_PORTRAIT.jpg
https://fbcdn-photos-a.akamaihd.net/hphotos-ak-ash3/62293_10151322394951957_1771133308_b.jpg :: imageCache/3a2ddbc272ad98a75790fad3c3486be2_resized_300x224_LANDSCAPE.jpg
https://fbcdn-photos-a.akamaihd.net/hphotos-ak-prn1/71987_219648478159744_542911376_b.jpg :: imageCache/4aead43e5d97bd7123e55f372c665e41_resized_300x198_LANDSCAPE.jpg
https://fbcdn-photos-h-a.akamaihd.net/hphotos-ak-ash3/599445_10151321377891957_1918546546_b.jpg :: imageCache/6b74d631c89a8e21f484f0d7a19a69ac_resized_224x300_PORTRAIT.jpg
https://fbcdn-photos-h-a.akamaihd.net/hphotos-ak-snc6/8186_10151518196109165_918102336_b.jpg :: imageCache/3650dfea70d535522976f56b2159ae5d_resized_300x196_LANDSCAPE.jpg
https://fbcdn-photos-f-a.akamaihd.net/hphotos-ak-ash4/486297_10152349830902925_106137824_b.jpg :: imageCache/c6d95b33ec1f3c392945a63a2b03b39f_resized_300x196_LANDSCAPE.jpg
https://fbcdn-photos-e-a.akamaihd.net/hphotos-ak-ash4/389852_10151075546984200_785274886_b.jpg :: imageCache/3f09f4beaf5808ea38faecc23fc33311_resized_300x201_LANDSCAPE.jpg
https://fbcdn-photos-f-a.akamaihd.net/hphotos-ak-prn1/60617_10151329438736957_1436743746_b.jpg :: imageCache/e764850ee83862229077fad83ab3cc19_resized_300x226_LANDSCAPE.jpg
https://fbcdn-photos-h-a.akamaihd.net/hphotos-ak-ash3/9707_10151328643506957_81452288_b.jpg :: imageCache/2f3eb7deffa8116e13a8a88c72316b69_resized_300x192_LANDSCAPE.jpg
https://fbcdn-photos-a.akamaihd.net/hphotos-ak-ash3/538663_443963815688647_1560823760_b.jpg :: imageCache/8786342c1d2b8719a56c26a764d61f0a_resized_300x198_LANDSCAPE.jpg
https://fbcdn-photos-a.akamaihd.net/hphotos-ak-ash3/734539_4804827201947_744833644_b.jpg :: imageCache/dd135b27202c694698e7781ed74714fe_resized_300x198_LANDSCAPE.jpg
https://fbcdn-photos-a.akamaihd.net/hphotos-ak-prn1/28180_10151328112476957_1990124871_b.jpg :: imageCache/49d488d1c280c62172cb3a05013ec606_resized_300x222_LANDSCAPE.jpg
https://fbcdn-photos-b-a.akamaihd.net/hphotos-ak-snc6/181019_4761113550376_126793191_b.jpg :: imageCache/64296550766ac4abcfebe57d1b6023a2_resized_198x300_PORTRAIT.jpg
https://fbcdn-photos-a.akamaihd.net/hphotos-ak-ash3/62293_10151322394951957_1771133308_b.jpg :: imageCache/3a2ddbc272ad98a75790fad3c3486be2_resized_300x224_LANDSCAPE.jpg
https://fbcdn-photos-a.akamaihd.net/hphotos-ak-prn1/71987_219648478159744_542911376_b.jpg :: imageCache/4aead43e5d97bd7123e55f372c665e41_resized_300x198_LANDSCAPE.jpg
https://fbcdn-photos-h-a.akamaihd.net/hphotos-ak-ash3/599445_10151321377891957_1918546546_b.jpg :: imageCache/6b74d631c89a8e21f484f0d7a19a69ac_resized_224x300_PORTRAIT.jpg
https://fbcdn-photos-h-a.akamaihd.net/hphotos-ak-snc6/8186_10151518196109165_918102336_b.jpg :: imageCache/3650dfea70d535522976f56b2159ae5d_resized_300x196_LANDSCAPE.jpg
https://fbcdn-photos-f-a.akamaihd.net/hphotos-ak-ash4/486297_10152349830902925_106137824_b.jpg :: imageCache/c6d95b33ec1f3c392945a63a2b03b39f_resized_300x196_LANDSCAPE.jpg
https://fbcdn-photos-e-a.akamaihd.net/hphotos-ak-ash4/389852_10151075546984200_785274886_b.jpg :: imageCache/3f09f4beaf5808ea38faecc23fc33311_resized_300x201_LANDSCAPE.jpg
https://fbcdn-photos-f-a.akamaihd.net/hphotos-ak-prn1/60617_10151329438736957_1436743746_b.jpg :: imageCache/e764850ee83862229077fad83ab3cc19_300x226_LANDSCAPE.jpg
https://fbcdn-photos-h-a.akamaihd.net/hphotos-ak-ash3/9707_10151328643506957_81452288_b.jpg :: imageCache/2f3eb7deffa8116e13a8a88c72316b69_300x192_LANDSCAPE.jpg
https://fbcdn-photos-a.akamaihd.net/hphotos-ak-ash3/538663_443963815688647_1560823760_b.jpg :: imageCache/8786342c1d2b8719a56c26a764d61f0a_300x198_LANDSCAPE.jpg
https://fbcdn-photos-a.akamaihd.net/hphotos-ak-ash3/734539_4804827201947_744833644_b.jpg :: imageCache/dd135b27202c694698e7781ed74714fe_300x198_LANDSCAPE.jpg
https://fbcdn-photos-a.akamaihd.net/hphotos-ak-prn1/28180_10151328112476957_1990124871_b.jpg :: imageCache/49d488d1c280c62172cb3a05013ec606_300x222_LANDSCAPE.jpg
https://fbcdn-photos-b-a.akamaihd.net/hphotos-ak-snc6/181019_4761113550376_126793191_b.jpg :: imageCache/64296550766ac4abcfebe57d1b6023a2_198x300_PORTRAIT.jpg
https://fbcdn-photos-a.akamaihd.net/hphotos-ak-ash3/62293_10151322394951957_1771133308_b.jpg :: imageCache/3a2ddbc272ad98a75790fad3c3486be2_300x224_LANDSCAPE.jpg
https://fbcdn-photos-a.akamaihd.net/hphotos-ak-prn1/71987_219648478159744_542911376_b.jpg :: imageCache/4aead43e5d97bd7123e55f372c665e41_300x198_LANDSCAPE.jpg
https://fbcdn-photos-h-a.akamaihd.net/hphotos-ak-ash3/599445_10151321377891957_1918546546_b.jpg :: imageCache/6b74d631c89a8e21f484f0d7a19a69ac_224x300_PORTRAIT.jpg
https://fbcdn-photos-h-a.akamaihd.net/hphotos-ak-snc6/8186_10151518196109165_918102336_b.jpg :: imageCache/3650dfea70d535522976f56b2159ae5d_300x196_LANDSCAPE.jpg
https://fbcdn-photos-f-a.akamaihd.net/hphotos-ak-ash4/486297_10152349830902925_106137824_b.jpg :: imageCache/c6d95b33ec1f3c392945a63a2b03b39f_300x196_LANDSCAPE.jpg
https://fbcdn-photos-e-a.akamaihd.net/hphotos-ak-ash4/389852_10151075546984200_785274886_b.jpg :: imageCache/3f09f4beaf5808ea38faecc23fc33311_300x201_LANDSCAPE.jpg
https://fbcdn-photos-f-a.akamaihd.net/hphotos-ak-prn1/60617_10151329438736957_1436743746_b.jpg :: imageCache/e764850ee83862229077fad83ab3cc19_300x226_LANDSCAPE.jpg
https://fbcdn-photos-h-a.akamaihd.net/hphotos-ak-ash3/9707_10151328643506957_81452288_b.jpg :: imageCache/2f3eb7deffa8116e13a8a88c72316b69_300x192_LANDSCAPE.jpg
https://fbcdn-photos-a.akamaihd.net/hphotos-ak-ash3/538663_443963815688647_1560823760_b.jpg :: imageCache/8786342c1d2b8719a56c26a764d61f0a_300x198_LANDSCAPE.jpg
https://fbcdn-photos-a.akamaihd.net/hphotos-ak-ash3/734539_4804827201947_744833644_b.jpg :: imageCache/dd135b27202c694698e7781ed74714fe_300x198_LANDSCAPE.jpg
https://fbcdn-photos-a.akamaihd.net/hphotos-ak-prn1/28180_10151328112476957_1990124871_b.jpg :: imageCache/49d488d1c280c62172cb3a05013ec606_300x222_LANDSCAPE.jpg
https://fbcdn-photos-b-a.akamaihd.net/hphotos-ak-snc6/181019_4761113550376_126793191_b.jpg :: imageCache/64296550766ac4abcfebe57d1b6023a2_198x300_PORTRAIT.jpg
https://fbcdn-photos-a.akamaihd.net/hphotos-ak-ash3/62293_10151322394951957_1771133308_b.jpg :: imageCache/3a2ddbc272ad98a75790fad3c3486be2_300x224_LANDSCAPE.jpg
https://fbcdn-photos-a.akamaihd.net/hphotos-ak-prn1/71987_219648478159744_542911376_b.jpg :: imageCache/4aead43e5d97bd7123e55f372c665e41_300x198_LANDSCAPE.jpg
https://fbcdn-photos-h-a.akamaihd.net/hphotos-ak-ash3/599445_10151321377891957_1918546546_b.jpg :: imageCache/6b74d631c89a8e21f484f0d7a19a69ac_224x300_PORTRAIT.jpg
https://fbcdn-photos-h-a.akamaihd.net/hphotos-ak-snc6/8186_10151518196109165_918102336_b.jpg :: imageCache/3650dfea70d535522976f56b2159ae5d_300x196_LANDSCAPE.jpg
https://fbcdn-photos-f-a.akamaihd.net/hphotos-ak-ash4/486297_10152349830902925_106137824_b.jpg :: imageCache/c6d95b33ec1f3c392945a63a2b03b39f_300x196_LANDSCAPE.jpg
https://fbcdn-photos-e-a.akamaihd.net/hphotos-ak-ash4/389852_10151075546984200_785274886_b.jpg :: imageCache/3f09f4beaf5808ea38faecc23fc33311_300x201_LANDSCAPE.jpg
